Epoch 1
LR = 0.001
Training loss: 10.821052102759527
Validation loss: 6.1963115167280165
Prediction accuracy: 85.4%
Correctly classified regular messages:   853
Misclassified regular messages:           17
Correctly classified spam messages:        1
Misclassified spam messages:             129
**********************************************************
Epoch 2
LR = 0.001
Training loss: 10.815725624520242
Validation loss: 6.2365117920593836
Prediction accuracy: 85.4%
Correctly classified regular messages:   853
Misclassified regular messages:           17
Correctly classified spam messages:        1
Misclassified spam messages:             129
**********************************************************
Epoch 3
LR = 0.001
Training loss: 10.78177202048656
Validation loss: 6.2823170529615275
Prediction accuracy: 85.4%
Correctly classified regular messages:   853
Misclassified regular messages:           17
Correctly classified spam messages:        1
Misclassified spam messages:             129
**********************************************************
Epoch 4
LR = 0.001
Training loss: 10.757188044724028
Validation loss: 6.333556400943581
Prediction accuracy: 85.5%
Correctly classified regular messages:   854
Misclassified regular messages:           16
Correctly classified spam messages:        1
Misclassified spam messages:             129
**********************************************************
Epoch 5
LR = 0.001
Training loss: 10.744247502204058
Validation loss: 6.390165630465226
Prediction accuracy: 85.4%
Correctly classified regular messages:   854
Misclassified regular messages:           16
Correctly classified spam messages:        0
Misclassified spam messages:             130